<?xml version="1.0" encoding="UTF-8"?>
<!-- Generated by org.testng.reporters.JUnitXMLReporter -->
<testsuite ignored="0" hostname="madhubabus-MacBook-Air.local" failures="0" tests="3" name="Amazon Test" time="29.806" errors="0" timestamp="2023-07-16T13:09:18 IST">
  <testcase classname="testCases.AmazonTest" name="logoTest" time="6.798"/>
  <testcase classname="testCases.AmazonTest" name="pageTitleTest" time="1.183"/>
  <testcase classname="testCases.AmazonTest" name="searchTest" time="0.307"/>
</testsuite> <!-- Amazon Test -->
